Arguments: 
  /usr/bin/node /usr/bin/yarn install

PATH: 
  /usr/local/sbin:/usr/local/bin:/usr/sbin:/usr/bin:/sbin:/bin:/usr/games:/usr/local/games:/mnt/c/Program Files (x86)/Common Files/Oracle/Java/javapath_target_279339468:/mnt/c/Program Files (x86)/Intel/Intel(R) Management Engine Components/iCLS:/mnt/c/Program Files/Intel/Intel(R) Management Engine Components/iCLS:/mnt/c/Windows/System32:/mnt/c/Windows:/mnt/c/Windows/System32/wbem:/mnt/c/Windows/System32/WindowsPowerShell/v1.0:/mnt/c/Program Files/MongoDB/Server/4.0/bin:/mnt/c/Program Files/Microsoft VS Code/bin:/mnt/c/Program Files/Git/cmd:/mnt/c/Windows/System32/OpenSSH:/mnt/c/Program Files/nodejs:/mnt/c/Program Files (x86)/Intel/Intel(R) Management Engine Components/DAL:/mnt/c/Program Files/Intel/Intel(R) Management Engine Components/DAL:/mnt/c/Users/geoff/AppData/Roaming/Python/Python37/Scripts:/mnt/c/Users/geoff/AppData/Roaming/Python/Python37/site-packages:/mnt/c/Users/geoff/AppData/Local/Programs/Python/Python37/Scripts:/mnt/c/Users/geoff/AppData/Local/Programs/Python/Python37:/mnt/c/Users/geoff/AppData/Local/Microsoft/WindowsApps:/mnt/c/Program Files/heroku/bin:/mnt/c/Users/geoff/AppData/Roaming/npm:/mnt/c/Users/geoff/AppData/Local/Programs/Microsoft VS Code/bin:/snap/bin

Yarn version: 
  1.10.1

Node version: 
  9.11.2

Platform: 
  linux x64

Trace: 
  SyntaxError: /mnt/c/Users/geoff/code/read-local/package.json: Unexpected token < in JSON at position 942
      at JSON.parse (<anonymous>)
      at /usr/lib/node_modules/yarn/lib/cli.js:1136:59
      at Generator.next (<anonymous>)
      at step (/usr/lib/node_modules/yarn/lib/cli.js:98:30)
      at /usr/lib/node_modules/yarn/lib/cli.js:109:13
      at <anonymous>

npm manifest: 
  {
    "name": "read-local",
    "version": "1.0.0",
    "description": "This app seeks to offer localized news information and nation scope to trending news stories",
    "main": "server.js",
    "scripts": {
      "test": "echo \"Error: no test specified\" && exit 1",
      "start": "if-env NODE_ENV=production && npm run start:prod || npm run start:dev",
      "start:prod": "node server.js",
      "start:dev": "concurrently \"nodemon --ignore 'client/*'\" \"npm run client\"",
      "client": "cd client && npm run start",
      "seed": "node scripts/seedDB.js",
      "install": "cd client && npm install",
      "build": "cd client && npm run build",
      "heroku-postbuild": "npm run build"
    },
    "repository": {
      "type": "git",
      "url": "git+https://github.com/bry-an/read-local.git"
    },
    "author": "Geoffrey Godwin-Austen, Bryan Yunnis, Matthew Brennecke",
    "license": "ISC",
    "bugs": {
      "url": "https://github.com/bry-an/read-local/issues"
    },
  <<<<<<< HEAD
    "homepage": "https://github.com/bry-an/read-local#readme",
    "dependencies": {
      "bcryptjs": "^2.4.3",
      "body-parser": "^1.18.3",
      "dotenv": "^6.0.0",
      "express": "^4.16.3",
      "jsonwebtoken": "^8.3.0",
      "mongoose": "^5.3.2",
      "path": "^0.12.7"
    }
  =======
    "devDependencies": {
      "concurrently": "^3.5.0",
      "eslint": "^5.6.1",
      "eslint-config-standard": "^12.0.0",
      "eslint-plugin-import": "^2.14.0",
      "eslint-plugin-node": "^7.0.1",
      "eslint-plugin-promise": "^4.0.1",
      "eslint-plugin-standard": "^4.0.0",
      "nodemon": "^1.11.0"
    },
    "dependencies": {
      "axios": "^0.16.2",
      "body-parser": "^1.17.2",
      "d3": "^3.5.12",
      "express": "^4.15.4",
      "if-env": "^1.0.4",
      "mime": "^2.3.1",
      "mongoose": "^5.0.17",
      "topojson": "^3.0.2"
    },
    "homepage": "https://github.com/bry-an/read-local#readme"
  >>>>>>> 10e82519297c3955753d94dfde94eedfd049298a
  }

yarn manifest: 
  No manifest

Lockfile: 
  No lockfile
